{
  "RSpec": {
    "coverage": {
      "/home/tien/Desktop/oe60-naitei10-7-soccer-fields-management-system/spec/controllers/bookings_controller_spec.rb": {
        "lines": [
          null,
          1,
          null,
          1,
          1,
          1,
          1,
          1,
          5,
          null,
          null,
          1,
          1,
          1,
          1,
          1,
          null,
          null,
          null,
          1,
          1,
          1,
          1,
          1,
          null,
          null,
          null,
          null,
          1,
          1,
          1,
          1,
          null,
          null,
          1,
          1,
          1,
          1,
          null,
          null,
          null,
          1,
          1,
          1,
          1,
          1,
          null,
          null,
          null
        ]
      },
      "/home/tien/Desktop/oe60-naitei10-7-soccer-fields-management-system/spec/rails_helper.rb": {
        "lines": [
          null,
          null,
          1,
          1,
          1,
          null,
          1,
          1,
          null,
          null,
          null,
          null,
          null,
          null,
          null,
          null,
          null,
          null,
          null,
          null,
          null,
          null,
          null,
          null,
          null,
          null,
          null,
          null,
          null,
          1,
          null,
          0,
          null,
          1,
          1,
          null,
          1,
          null,
          null,
          null,
          null,
          null,
          null,
          1,
          null,
          null,
          null,
          null,
          null,
          null,
          null,
          null,
          null,
          null,
          null,
          null,
          null,
          null,
          null,
          null,
          null,
          1,
          null,
          null,
          1,
          null,
          null,
          null
        ]
      },
      "/home/tien/Desktop/oe60-naitei10-7-soccer-fields-management-system/config/environment.rb": {
        "lines": [
          null,
          null,
          null,
          1,
          null,
          null,
          1
        ]
      },
      "/home/tien/Desktop/oe60-naitei10-7-soccer-fields-management-system/config/application.rb": {
        "lines": [
          null,
          null,
          1,
          null,
          1,
          null,
          null,
          null,
          1,
          null,
          1,
          1,
          null,
          1,
          null,
          null,
          null,
          null,
          1,
          null,
          1,
          1,
          1,
          1,
          1,
          null,
          null,
          null
        ]
      },
      "/home/tien/Desktop/oe60-naitei10-7-soccer-fields-management-system/config/boot.rb": {
        "lines": [
          null,
          null,
          1,
          null,
          1,
          1
        ]
      },
      "/home/tien/Desktop/oe60-naitei10-7-soccer-fields-management-system/config/environments/test.rb": {
        "lines": [
          null,
          null,
          1,
          null,
          1,
          1,
          1,
          1,
          null,
          1,
          null,
          1,
          0,
          0,
          null,
          0,
          0,
          null,
          1,
          null,
          1,
          null,
          null,
          1,
          null,
          1,
          null,
          1,
          null,
          1,
          null,
          1,
          null,
          1,
          null,
          1,
          null,
          1,
          null,
          1,
          null,
          1,
          null,
          1,
          null,
          1,
          null,
          1,
          null,
          1,
          null,
          null,
          null,
          null,
          null,
          null,
          null,
          null,
          null,
          null
        ]
      },
      "/home/tien/Desktop/oe60-naitei10-7-soccer-fields-management-system/config/initializers/assets.rb": {
        "lines": [
          null,
          null,
          null,
          null,
          null,
          1,
          1,
          null,
          null,
          null,
          null,
          null,
          null,
          null
        ]
      },
      "/home/tien/Desktop/oe60-naitei10-7-soccer-fields-management-system/config/initializers/content_security_policy.rb": {
        "lines": [
          null,
          null,
          null,
          null,
          null,
          null,
          null,
          null,
          null,
          null,
          null,
          null,
          null,
          null,
          null,
          null,
          null,
          null,
          null,
          null,
          null,
          null,
          null,
          null,
          null,
          null
        ]
      },
      "/home/tien/Desktop/oe60-naitei10-7-soccer-fields-management-system/config/initializers/filter_parameter_logging.rb": {
        "lines": [
          null,
          null,
          null,
          null,
          null,
          null,
          null,
          1,
          null,
          null
        ]
      },
      "/home/tien/Desktop/oe60-naitei10-7-soccer-fields-management-system/config/initializers/inflections.rb": {
        "lines": [
          null,
          null,
          null,
          null,
          null,
          null,
          null,
          null,
          null,
          null,
          null,
          null,
          null,
          null,
          null,
          null,
          null
        ]
      },
      "/home/tien/Desktop/oe60-naitei10-7-soccer-fields-management-system/config/initializers/pagy.rb": {
        "lines": [
          null,
          null,
          1,
          1,
          1
        ]
      },
      "/home/tien/Desktop/oe60-naitei10-7-soccer-fields-management-system/config/initializers/permissions_policy.rb": {
        "lines": [
          null,
          null,
          null,
          null,
          null,
          null,
          null,
          null,
          null,
          null,
          null,
          null,
          null,
          null
        ]
      },
      "/home/tien/Desktop/oe60-naitei10-7-soccer-fields-management-system/config/initializers/scheduler.rb": {
        "lines": [
          null,
          1,
          null,
          1,
          1,
          0,
          null
        ]
      },
      "/home/tien/Desktop/oe60-naitei10-7-soccer-fields-management-system/spec/factories/booking.rb": {
        "lines": [
          null,
          1,
          1,
          2,
          2,
          2,
          2,
          2,
          null,
          null
        ]
      },
      "/home/tien/Desktop/oe60-naitei10-7-soccer-fields-management-system/spec/factories/field.rb": {
        "lines": [
          null,
          1,
          1,
          3,
          3,
          3,
          3,
          3,
          null,
          null
        ]
      },
      "/home/tien/Desktop/oe60-naitei10-7-soccer-fields-management-system/spec/factories/field_type.rb": {
        "lines": [
          null,
          1,
          1,
          2,
          2,
          null,
          null
        ]
      },
      "/home/tien/Desktop/oe60-naitei10-7-soccer-fields-management-system/spec/factories/review.rb": {
        "lines": [
          null,
          1,
          1,
          2,
          2,
          2,
          2,
          2,
          null,
          null
        ]
      },
      "/home/tien/Desktop/oe60-naitei10-7-soccer-fields-management-system/spec/factories/users.rb": {
        "lines": [
          null,
          1,
          1,
          11,
          11,
          11,
          11,
          11,
          11,
          null,
          null
        ]
      },
      "/home/tien/Desktop/oe60-naitei10-7-soccer-fields-management-system/config/routes.rb": {
        "lines": [
          1,
          null,
          1,
          null,
          null,
          1,
          1,
          1,
          1,
          1,
          1,
          null,
          null,
          null,
          1,
          null,
          null,
          1,
          null,
          null,
          1,
          null,
          null,
          1,
          null,
          null,
          1,
          null,
          1,
          1,
          1,
          1,
          1,
          1,
          null,
          null,
          1,
          null,
          null,
          null,
          1,
          null,
          null,
          1,
          null,
          null,
          1,
          null,
          null,
          1,
          null
        ]
      },
      "/home/tien/Desktop/oe60-naitei10-7-soccer-fields-management-system/app/helpers/admin/static_pages_helper.rb": {
        "lines": [
          null,
          null,
          1,
          1,
          1,
          0,
          null,
          null,
          null
        ]
      },
      "/home/tien/Desktop/oe60-naitei10-7-soccer-fields-management-system/app/helpers/application_helper.rb": {
        "lines": [
          null,
          null,
          1,
          1,
          null
        ]
      },
      "/home/tien/Desktop/oe60-naitei10-7-soccer-fields-management-system/app/helpers/bookings_helper.rb": {
        "lines": [
          null,
          1,
          1,
          0,
          0,
          null,
          0,
          null,
          null,
          null
        ]
      },
      "/home/tien/Desktop/oe60-naitei10-7-soccer-fields-management-system/app/helpers/error_handling_helper.rb": {
        "lines": [
          null,
          null,
          1,
          1,
          2,
          null,
          0,
          0,
          null,
          null
        ]
      },
      "/home/tien/Desktop/oe60-naitei10-7-soccer-fields-management-system/app/helpers/field_types_helper.rb": {
        "lines": [
          null,
          null,
          1,
          1,
          0,
          0,
          0,
          0,
          0,
          0,
          null,
          0,
          null,
          null,
          1,
          0,
          null,
          null,
          1,
          0,
          null,
          null
        ]
      },
      "/home/tien/Desktop/oe60-naitei10-7-soccer-fields-management-system/app/helpers/fields_helper.rb": {
        "lines": [
          null,
          1,
          null,
          1,
          0,
          0,
          null,
          0,
          null,
          null
        ]
      },
      "/home/tien/Desktop/oe60-naitei10-7-soccer-fields-management-system/app/helpers/sessions_helper.rb": {
        "lines": [
          null,
          null,
          1,
          1,
          0,
          null,
          null,
          1,
          0,
          null,
          null,
          1,
          0,
          0,
          0,
          0,
          0,
          0,
          0,
          null,
          null,
          null,
          null,
          1,
          7,
          null,
          null,
          1,
          0,
          null,
          null
        ]
      },
      "/home/tien/Desktop/oe60-naitei10-7-soccer-fields-management-system/app/helpers/time_helper.rb": {
        "lines": [
          null,
          null,
          1,
          null,
          1,
          0,
          0,
          0,
          0,
          0,
          null,
          0,
          null,
          null,
          0,
          null,
          null
        ]
      },
      "/home/tien/Desktop/oe60-naitei10-7-soccer-fields-management-system/app/controllers/bookings_controller.rb": {
        "lines": [
          null,
          1,
          1,
          1,
          1,
          1,
          null,
          1,
          null,
          1,
          0,
          0,
          0,
          0,
          null,
          0,
          null,
          null,
          null,
          1,
          0,
          0,
          0,
          0,
          null,
          0,
          null,
          0,
          0,
          null,
          null,
          null,
          1,
          null,
          1,
          0,
          null,
          null,
          1,
          0,
          null,
          null,
          1,
          2,
          2,
          null,
          2,
          2,
          null,
          null,
          1,
          0,
          null,
          0,
          null,
          0,
          0,
          null,
          null,
          1,
          0,
          null,
          0,
          0,
          null,
          null,
          1,
          3,
          null,
          null,
          1,
          2,
          2,
          null,
          2,
          2,
          null,
          null
        ]
      },
      "/home/tien/Desktop/oe60-naitei10-7-soccer-fields-management-system/app/controllers/application_controller.rb": {
        "lines": [
          null,
          null,
          1,
          1,
          1,
          1,
          1,
          1,
          1,
          1,
          null,
          1,
          null,
          1,
          0,
          0,
          0,
          null,
          null,
          1,
          null,
          1,
          26,
          null,
          null,
          1,
          7,
          null,
          0,
          0,
          0,
          null,
          null
        ]
      },
      "/home/tien/Desktop/oe60-naitei10-7-soccer-fields-management-system/app/models/user.rb": {
        "lines": [
          null,
          null,
          1,
          1,
          null,
          null,
          null,
          null,
          null,
          1,
          1,
          1,
          1,
          1,
          null,
          1,
          null,
          1,
          1,
          1,
          1,
          1,
          1,
          1,
          null,
          1,
          null,
          1,
          null,
          1,
          0,
          null,
          null,
          null,
          null,
          null,
          1,
          4,
          null,
          null,
          1,
          0,
          null,
          null,
          1,
          10,
          null,
          null,
          1,
          0,
          null,
          null,
          1,
          0,
          0,
          null,
          0,
          0,
          null,
          null,
          1,
          0,
          null,
          null,
          1,
          null,
          1,
          10,
          10,
          null,
          null,
          1,
          21,
          null,
          0,
          null,
          null,
          null,
          1,
          10,
          10,
          null,
          0,
          null,
          10,
          null,
          null
        ]
      },
      "/home/tien/Desktop/oe60-naitei10-7-soccer-fields-management-system/app/models/application_record.rb": {
        "lines": [
          null,
          null,
          1,
          1,
          null
        ]
      },
      "/home/tien/Desktop/oe60-naitei10-7-soccer-fields-management-system/app/models/field_type.rb": {
        "lines": [
          null,
          null,
          1,
          1,
          null,
          1,
          1,
          null,
          1,
          null
        ]
      },
      "/home/tien/Desktop/oe60-naitei10-7-soccer-fields-management-system/app/models/booking.rb": {
        "lines": [
          null,
          null,
          1,
          1,
          null,
          null,
          null,
          null,
          null,
          1,
          1,
          null,
          1,
          1,
          1,
          null,
          5,
          1,
          null,
          1,
          1,
          null
        ]
      },
      "/home/tien/Desktop/oe60-naitei10-7-soccer-fields-management-system/spec/controllers/comments_controller_spec.rb": {
        "lines": [
          null,
          1,
          null,
          1,
          1,
          1,
          3,
          null,
          1,
          2,
          null,
          null,
          1,
          1,
          1,
          1,
          1,
          1,
          null,
          null,
          null,
          1,
          1,
          1,
          1,
          1,
          1,
          null,
          null,
          null,
          null
        ]
      },
      "/home/tien/Desktop/oe60-naitei10-7-soccer-fields-management-system/app/controllers/comments_controller.rb": {
        "lines": [
          null,
          1,
          1,
          null,
          1,
          2,
          2,
          2,
          2,
          null,
          2,
          null,
          2,
          null,
          null,
          null,
          1,
          null,
          1,
          2,
          null,
          null,
          1,
          2,
          null,
          null
        ]
      },
      "/home/tien/Desktop/oe60-naitei10-7-soccer-fields-management-system/app/models/review.rb": {
        "lines": [
          null,
          null,
          1,
          1,
          1,
          1,
          null,
          1,
          null
        ]
      },
      "/home/tien/Desktop/oe60-naitei10-7-soccer-fields-management-system/spec/controllers/favorite_field_type_controller_spec.rb": {
        "lines": [
          null,
          1,
          null,
          1,
          3,
          1,
          3,
          null,
          1,
          2,
          null,
          null,
          1,
          1,
          1,
          1,
          1,
          1,
          null,
          null,
          null,
          1,
          1,
          1,
          1,
          1,
          1,
          null,
          null,
          null,
          null
        ]
      },
      "/home/tien/Desktop/oe60-naitei10-7-soccer-fields-management-system/app/controllers/favorite_field_types_controller.rb": {
        "lines": [
          null,
          1,
          1,
          null,
          1,
          2,
          2,
          2,
          2,
          2,
          null,
          2,
          null,
          2,
          null,
          null,
          null,
          null,
          1,
          null,
          null,
          1,
          2,
          null,
          null
        ]
      },
      "/home/tien/Desktop/oe60-naitei10-7-soccer-fields-management-system/spec/controllers/fields_controller_spec.rb": {
        "lines": [
          null,
          1,
          null,
          1,
          3,
          null,
          1,
          1,
          1,
          2,
          null,
          null,
          1,
          1,
          1,
          null,
          null,
          1,
          1,
          1,
          null,
          null,
          null,
          1,
          1,
          2,
          null,
          null,
          1,
          1,
          1,
          null,
          null,
          1,
          1,
          1,
          null,
          null,
          null,
          null
        ]
      },
      "/home/tien/Desktop/oe60-naitei10-7-soccer-fields-management-system/app/controllers/fields_controller.rb": {
        "lines": [
          null,
          null,
          1,
          1,
          1,
          null,
          1,
          null,
          1,
          null,
          1,
          4,
          4,
          null,
          2,
          2,
          null,
          null
        ]
      },
      "/home/tien/Desktop/oe60-naitei10-7-soccer-fields-management-system/spec/controllers/registrations_controller_spec.rb": {
        "lines": [
          null,
          1,
          null,
          1,
          1,
          4,
          null,
          1,
          1,
          null,
          null,
          1,
          1,
          null,
          null,
          1,
          1,
          null,
          null,
          null,
          1,
          1,
          1,
          1,
          1,
          1,
          null,
          null,
          null,
          1,
          1,
          1,
          null,
          null,
          1,
          1,
          1,
          null,
          null,
          1,
          1,
          1,
          null,
          null,
          1,
          1,
          1,
          null,
          null,
          null,
          1,
          4,
          null,
          1,
          1,
          1,
          null,
          null,
          null,
          1,
          1,
          1,
          null,
          null,
          1,
          1,
          1,
          null,
          null,
          null,
          null
        ]
      },
      "/home/tien/Desktop/oe60-naitei10-7-soccer-fields-management-system/app/controllers/registrations_controller.rb": {
        "lines": [
          null,
          null,
          1,
          1,
          3,
          null,
          null,
          1,
          8,
          8,
          5,
          5,
          5,
          null,
          3,
          null,
          null,
          null,
          1,
          null,
          1,
          8,
          null,
          null
        ]
      },
      "/home/tien/Desktop/oe60-naitei10-7-soccer-fields-management-system/spec/controllers/reviews_controller_spec.rb": {
        "lines": [
          1,
          null,
          1,
          3,
          1,
          null,
          1,
          1,
          2,
          null,
          1,
          1,
          1,
          1,
          null,
          null,
          null,
          1,
          1,
          1,
          1,
          1,
          1,
          null,
          null,
          null,
          null
        ]
      },
      "/home/tien/Desktop/oe60-naitei10-7-soccer-fields-management-system/app/controllers/reviews_controller.rb": {
        "lines": [
          null,
          1,
          1,
          0,
          null,
          null,
          1,
          2,
          2,
          2,
          2,
          null,
          2,
          null,
          2,
          null,
          null,
          null
        ]
      },
      "/home/tien/Desktop/oe60-naitei10-7-soccer-fields-management-system/app/models/comment.rb": {
        "lines": [
          null,
          null,
          1,
          1,
          1,
          1,
          null,
          1,
          null,
          1,
          null
        ]
      },
      "/home/tien/Desktop/oe60-naitei10-7-soccer-fields-management-system/app/models/favorite_field_type.rb": {
        "lines": [
          null,
          1,
          1,
          1,
          null
        ]
      },
      "/home/tien/Desktop/oe60-naitei10-7-soccer-fields-management-system/app/models/field.rb": {
        "lines": [
          null,
          null,
          1,
          1,
          null,
          1,
          null,
          1,
          1,
          0,
          null,
          0,
          null,
          null
        ]
      },
      "/home/tien/Desktop/oe60-naitei10-7-soccer-fields-management-system/app/mailers/user_mailer.rb": {
        "lines": [
          null,
          null,
          1,
          1,
          4,
          4,
          null,
          null,
          1,
          0,
          null,
          null
        ]
      },
      "/home/tien/Desktop/oe60-naitei10-7-soccer-fields-management-system/app/mailers/application_mailer.rb": {
        "lines": [
          null,
          null,
          1,
          1,
          1,
          null
        ]
      }
    },
    "timestamp": 1713329040
  }
}
